<?xml version="1.0" encoding="UTF-8"?>
<!-- Generated by org.testng.reporters.JUnitReportReporter -->
<testsuite name="homePageTestcase.TC_PT_HM_4_Print" tests="1" time="20.818" ignored="0" failures="0" timestamp="21 Nov 2020 16:08:43 GMT" skipped="0" hostname="MMS" errors="0">
  <testcase name="testcase4" time="20.818" classname="homePageTestcase.TC_PT_HM_4_Print"/>
</testsuite> <!-- homePageTestcase.TC_PT_HM_4_Print -->
