<?xml version="1.0" encoding="UTF-8"?>
<!-- Generated by org.testng.reporters.JUnitReportReporter -->
<testsuite name="homePageTestcase.TC_PT_HM_2and3_SignIn_EHR" tests="1" time="4.445" ignored="0" failures="0" timestamp="21 Nov 2020 16:08:43 GMT" skipped="0" hostname="MMS" errors="0">
  <testcase name="testcase2" time="4.445" classname="homePageTestcase.TC_PT_HM_2and3_SignIn_EHR"/>
</testsuite> <!-- homePageTestcase.TC_PT_HM_2and3_SignIn_EHR -->
